<?xml version="1.0" encoding="UTF-8"?>
<!-- Generated by org.testng.reporters.JUnitXMLReporter -->
<testsuite hostname="DEV20" failures="0" tests="3" name="Default test" time="0.062" errors="0" timestamp="22 Apr 2019 14:53:16 GMT">
  <testcase classname="TestNGmavenexemple.TestAuthentication" name="failedAuthenticationTest" time="0.0">
    <skipped/>
  </testcase> <!-- failedAuthenticationTest -->
  <testcase classname="TestNGmavenexemple.TestAuthentication" name="newUserAuthenticationTest" time="0.0">
    <skipped/>
  </testcase> <!-- newUserAuthenticationTest -->
  <testcase classname="TestNGmavenexemple.TestAuthentication" name="validAuthenticationTest" time="0.0"/>
</testsuite> <!-- Default test -->
