<?xml version="1.0" encoding="UTF-8"?>
<!-- Generated by org.testng.reporters.JUnitXMLReporter -->
<testsuite hostname="DEV20" failures="0" tests="3" name="Default test" time="0.058" errors="0" timestamp="23 Apr 2019 13:37:02 GMT">
  <testcase classname="TestNGmavenexemple.TestAuthentication" name="failedAuthenticationTest" time="0.004">
    <skipped/>
  </testcase> <!-- failedAuthenticationTest -->
  <testcase classname="TestNGmavenexemple.TestAuthentication" name="newUserAuthenticationTest" time="0.0">
    <skipped/>
  </testcase> <!-- newUserAuthenticationTest -->
  <testcase classname="TestNGmavenexemple.TestAuthentication" name="validAuthenticationTest" time="0.003"/>
</testsuite> <!-- Default test -->
