<?xml version="1.0" encoding="UTF-8"?>
<!-- Generated by org.testng.reporters.JUnitXMLReporter -->
<testsuite hostname="DEV20" failures="0" tests="3" name="Surefire test" time="0.149" errors="0" timestamp="18 Apr 2019 13:39:33 GMT">
  <testcase classname="ParamTestWithDataProvider1.DataProviderTest" name="test" time="0.0">
    <skipped/>
  </testcase> <!-- test -->
  <testcase classname="TestNGmavenexemple.CalculatorTest" name="testDivison" time="0.0"/>
  <testcase classname="TestNGmavenexemple.CalculatorTest" name="testSum" time="0.0"/>
</testsuite> <!-- Surefire test -->
