<?xml version="1.0" encoding="UTF-8"?>
<testng-results total="2" passed="2" failed="0" skipped="0">
  <reporter-output>
    <line>
      <![CDATA[<div style="display:block;margin-left:10px;"></div>]]>
    </line>
    <line>
      <![CDATA[<div style="display:block;margin-left:10px;"></div>]]>
    </line>
    <line>
      <![CDATA[<div style="display:block;margin-left:10px;"></div>]]>
    </line>
    <line>
      <![CDATA[<div style="display:block;margin-left:10px;"></div>]]>
    </line>
    <line>
      <![CDATA[<div style="display:block;margin-left:10px;"></div>]]>
    </line>
  </reporter-output>
  <suite started-at="2019-04-16T12:52:05Z" name="Surefire suite" finished-at="2019-04-16T12:52:05Z" duration-ms="172">
    <groups>
      <group name="testEntityKey:QME-TC-3">
        <method signature="CalculatorTest.testDivison99()[pri:0, instance:TestNGmavenexemple.CalculatorTest@1356d4d4]" name="testDivison99" class="TestNGmavenexemple.CalculatorTest"/>
      </group> <!-- testEntityKey:QME-TC-3 -->
      <group name="testEntityKey:QME-TC-1">
        <method signature="CalculatorTest.testSum99()[pri:0, instance:TestNGmavenexemple.CalculatorTest@1356d4d4]" name="testSum99" class="TestNGmavenexemple.CalculatorTest"/>
      </group> <!-- testEntityKey:QME-TC-1 -->
    </groups>
    <test started-at="2019-04-16T12:52:05Z" name="Surefire test" finished-at="2019-04-16T12:52:05Z" duration-ms="172">
      <class name="TestNGmavenexemple.CalculatorTest">
        <test-method is-config="true" signature="beforeEachTest()[pri:0, instance:TestNGmavenexemple.CalculatorTest@1356d4d4]" started-at="2019-04-16T14:52:05Z" name="beforeEachTest" finished-at="2019-04-16T14:52:05Z" duration-ms="16" status="PASS">
          <reporter-output>
            <line>
              <![CDATA[<div style="display:block;margin-left:10px;"></div>]]>
            </line>
          </reporter-output>
        </test-method> <!-- beforeEachTest -->
        <test-method is-config="true" signature="initCalculator()[pri:0, instance:TestNGmavenexemple.CalculatorTest@1356d4d4]" started-at="2019-04-16T14:52:05Z" name="initCalculator" finished-at="2019-04-16T14:52:05Z" duration-ms="13" status="PASS">
          <reporter-output>
            <line>
              <![CDATA[<div style="display:block;margin-left:10px;"></div>]]>
            </line>
          </reporter-output>
        </test-method> <!-- initCalculator -->
        <test-method signature="testDivison99()[pri:0, instance:TestNGmavenexemple.CalculatorTest@1356d4d4]" started-at="2019-04-16T14:52:05Z" name="testDivison99" finished-at="2019-04-16T14:52:05Z" duration-ms="3" status="PASS">
          <reporter-output>
            <line>
              <![CDATA[<div style="display:block;margin-left:10px;"></div>]]>
            </line>
          </reporter-output>
        </test-method> <!-- testDivison99 -->
        <test-method signature="testSum99()[pri:0, instance:TestNGmavenexemple.CalculatorTest@1356d4d4]" started-at="2019-04-16T14:52:05Z" name="testSum99" finished-at="2019-04-16T14:52:05Z" duration-ms="0" status="PASS">
          <reporter-output>
            <line>
              <![CDATA[<div style="display:block;margin-left:10px;"></div>]]>
            </line>
          </reporter-output>
        </test-method> <!-- testSum99 -->
        <test-method is-config="true" signature="afterEachTest()[pri:0, instance:TestNGmavenexemple.CalculatorTest@1356d4d4]" started-at="2019-04-16T14:52:05Z" name="afterEachTest" finished-at="2019-04-16T14:52:05Z" duration-ms="1" status="PASS">
          <reporter-output>
            <line>
              <![CDATA[<div style="display:block;margin-left:10px;"></div>]]>
            </line>
          </reporter-output>
        </test-method> <!-- afterEachTest -->
      </class> <!-- TestNGmavenexemple.CalculatorTest -->
    </test> <!-- Surefire test -->
  </suite> <!-- Surefire suite -->
</testng-results>
