<?xml version="1.0" encoding="UTF-8"?>
<testsuite xmlns:xsi="http://www.w3.org/2001/XMLSchema-instance" xsi:noNamespaceSchemaLocation="https://maven.apache.org/surefire/maven-surefire-plugin/xsd/surefire-test-report.xsd" name="TestSuite" time="0.614" tests="3" errors="0" skipped="1" failures="0">
  <properties>
[...]
</properties>
  <testcase name="test" classname="ParamTestWithDataProvider1.DataProviderTest" time="0">
    <skipped message="wrong number of arguments"/>
    <system-err><![CDATA[log4j:WARN No appenders could be found for logger (com.qmetry.qaf.automation.testng.pro.QAFAnnotationTransformer2).
log4j:WARN Please initialize the log4j system properly.
]]></system-err>
  </testcase>
  <testcase name="testDivison" classname="TestNGmavenexemple.CalculatorTest" time="0.001"/>
  <testcase name="testSum" classname="TestNGmavenexemple.CalculatorTest" time="0"/>
</testsuite>