<?xml version="1.0" encoding="UTF-8"?>
<testng-results total="2" passed="2" failed="0" skipped="0">
  <reporter-output>
    <line>
      <![CDATA[<div style="display:block;margin-left:10px;"></div>]]>
    </line>
    <line>
      <![CDATA[<div style="display:block;margin-left:10px;"></div>]]>
    </line>
    <line>
      <![CDATA[<div style="display:block;margin-left:10px;"></div>]]>
    </line>
    <line>
      <![CDATA[<div style="display:block;margin-left:10px;"></div>]]>
    </line>
    <line>
      <![CDATA[<div style="display:block;margin-left:10px;"></div>]]>
    </line>
    <line>
      <![CDATA[<div style="display:block;margin-left:10px;"></div>]]>
    </line>
    <line>
      <![CDATA[<div style="display:block;margin-left:10px;"></div>]]>
    </line>
  </reporter-output>
  <suite started-at="2019-04-18T13:39:14Z" name="Default suite" finished-at="2019-04-18T13:39:15Z" duration-ms="216">
    <groups>
      <group name="testEntityKey:QME-TC-7">
        <method signature="CalculatorTest.testDivison()[pri:0, instance:TestNGmavenexemple.CalculatorTest@3c7f66c4]" name="testDivison" class="TestNGmavenexemple.CalculatorTest"/>
      </group> <!-- testEntityKey:QME-TC-7 -->
      <group name="testEntityKey:QME-TC-6">
        <method signature="CalculatorTest.testSum()[pri:0, instance:TestNGmavenexemple.CalculatorTest@3c7f66c4]" name="testSum" class="TestNGmavenexemple.CalculatorTest"/>
      </group> <!-- testEntityKey:QME-TC-6 -->
    </groups>
    <test started-at="2019-04-18T13:39:14Z" name="Default test" finished-at="2019-04-18T13:39:15Z" duration-ms="216">
      <class name="TestNGmavenexemple.CalculatorTest">
        <test-method is-config="true" signature="beforeEachTest()[pri:0, instance:TestNGmavenexemple.CalculatorTest@3c7f66c4]" started-at="2019-04-18T15:39:14Z" name="beforeEachTest" finished-at="2019-04-18T15:39:14Z" duration-ms="15" status="PASS">
          <reporter-output>
            <line>
              <![CDATA[<div style="display:block;margin-left:10px;"></div>]]>
            </line>
          </reporter-output>
        </test-method> <!-- beforeEachTest -->
        <test-method is-config="true" signature="initCalculator()[pri:0, instance:TestNGmavenexemple.CalculatorTest@3c7f66c4]" started-at="2019-04-18T15:39:14Z" name="initCalculator" finished-at="2019-04-18T15:39:14Z" duration-ms="0" status="PASS">
          <reporter-output>
            <line>
              <![CDATA[<div style="display:block;margin-left:10px;"></div>]]>
            </line>
          </reporter-output>
        </test-method> <!-- initCalculator -->
        <test-method signature="testDivison()[pri:0, instance:TestNGmavenexemple.CalculatorTest@3c7f66c4]" started-at="2019-04-18T15:39:14Z" name="testDivison" finished-at="2019-04-18T15:39:14Z" duration-ms="0" status="PASS">
          <reporter-output>
            <line>
              <![CDATA[<div style="display:block;margin-left:10px;"></div>]]>
            </line>
            <line>
              <![CDATA[<div style="display:block;margin-left:10px;"></div>]]>
            </line>
          </reporter-output>
        </test-method> <!-- testDivison -->
        <test-method signature="testSum()[pri:0, instance:TestNGmavenexemple.CalculatorTest@3c7f66c4]" started-at="2019-04-18T15:39:14Z" name="testSum" finished-at="2019-04-18T15:39:14Z" duration-ms="0" status="PASS">
          <reporter-output>
            <line>
              <![CDATA[<div style="display:block;margin-left:10px;"></div>]]>
            </line>
            <line>
              <![CDATA[<div style="display:block;margin-left:10px;"></div>]]>
            </line>
          </reporter-output>
        </test-method> <!-- testSum -->
        <test-method is-config="true" signature="afterEachTest()[pri:0, instance:TestNGmavenexemple.CalculatorTest@3c7f66c4]" started-at="2019-04-18T15:39:15Z" name="afterEachTest" finished-at="2019-04-18T15:39:15Z" duration-ms="0" status="PASS">
          <reporter-output>
            <line>
              <![CDATA[<div style="display:block;margin-left:10px;"></div>]]>
            </line>
          </reporter-output>
        </test-method> <!-- afterEachTest -->
      </class> <!-- TestNGmavenexemple.CalculatorTest -->
    </test> <!-- Default test -->
  </suite> <!-- Default suite -->
</testng-results>
